# JRE version: OpenJDK Runtime Environment Temurin-17.0.11+9 (17.0.11+9) (build 17.0.11+9)
# Java VM: OpenJDK 64-Bit Server VM Temurin-17.0.11+9 (17.0.11+9, mixed mode, tiered, compressed oops, compressed class ptrs, parallel gc, windows-amd64)
GC Precious Log:
 CPUs: 4 total, 4 available
 Memory: 3993M
 Large Page Support: Disabled
 NUMA Support: Disabled
 Compressed Oops: Enabled (32-bit)
 Alignments: Space 512K, Generation 512K, Heap 2M
 Heap Min Capacity: 100M
 Heap Initial Capacity: 100M
 Heap Max Capacity: 1G
 Pre-touch: Disabled
 Parallel Workers: 4
Heap:
 PSYoungGen      total 13824K, used 11356K [0x00000000eab00000, 0x00000000ed400000, 0x0000000100000000)
  eden space 11264K, 78% used [0x00000000eab00000,0x00000000eb39d9f0,0x00000000eb600000)
  from space 2560K, 98% used [0x00000000ec180000,0x00000000ec3f9648,0x00000000ec400000)
  to   space 11776K, 0% used [0x00000000eb600000,0x00000000eb600000,0x00000000ec180000)
 ParOldGen       total 302080K, used 287699K [0x00000000c0000000, 0x00000000d2700000, 0x00000000eab00000)
  object space 302080K, 95% used [0x00000000c0000000,0x00000000d18f4c40,0x00000000d2700000)
 Metaspace       used 104772K, committed 106240K, reserved 1179648K
  class space    used 10532K, committed 11136K, reserved 1048576K
GC Heap History (20 events):
Event: 4020.085 GC heap before
{Heap before GC invocations=3014 (full 97):
 PSYoungGen      total 17920K, used 17804K [0x00000000eab00000, 0x00000000ecb00000, 0x0000000100000000)
  eden space 14336K, 100% used [0x00000000eab00000,0x00000000eb900000,0x00000000eb900000)
  from space 3584K, 96% used [0x00000000ec780000,0x00000000ecae30a0,0x00000000ecb00000)
  to   space 7168K, 0% used [0x00000000ebd00000,0x00000000ebd00000,0x00000000ec400000)
 ParOldGen       total 302080K, used 220614K [0x00000000c0000000, 0x00000000d2700000, 0x00000000eab00000)
  object space 302080K, 73% used [0x00000000c0000000,0x00000000cd771be0,0x00000000d2700000)
 Metaspace       used 104727K, committed 106112K, reserved 1179648K
  class space    used 10532K, committed 11136K, reserved 1048576K
}
Event: 4020.386 GC heap after
{Heap after GC invocations=3014 (full 97):
 PSYoungGen      total 21504K, used 7164K [0x00000000eab00000, 0x00000000ed300000, 0x0000000100000000)
  eden space 14336K, 0% used [0x00000000eab00000,0x00000000eab00000,0x00000000eb900000)
  from space 7168K, 99% used [0x00000000ebd00000,0x00000000ec3ff2c0,0x00000000ec400000)
  to   space 13312K, 0% used [0x00000000ec600000,0x00000000ec600000,0x00000000ed300000)
 ParOldGen       total 302080K, used 224994K [0x00000000c0000000, 0x00000000d2700000, 0x00000000eab00000)
  object space 302080K, 74% used [0x00000000c0000000,0x00000000cdbb8be0,0x00000000d2700000)
 Metaspace       used 104727K, committed 106112K, reserved 1179648K
  class space    used 10532K, committed 11136K, reserved 1048576K
}
Event: 4020.874 GC heap before
{Heap before GC invocations=3015 (full 97):
 PSYoungGen      total 21504K, used 21437K [0x00000000eab00000, 0x00000000ed300000, 0x0000000100000000)
  eden space 14336K, 99% used [0x00000000eab00000,0x00000000eb8f0398,0x00000000eb900000)
  from space 7168K, 99% used [0x00000000ebd00000,0x00000000ec3ff2c0,0x00000000ec400000)
  to   space 13312K, 0% used [0x00000000ec600000,0x00000000ec600000,0x00000000ed300000)
 ParOldGen       total 302080K, used 224994K [0x00000000c0000000, 0x00000000d2700000, 0x00000000eab00000)
  object space 302080K, 74% used [0x00000000c0000000,0x00000000cdbb8be0,0x00000000d2700000)
 Metaspace       used 104727K, committed 106112K, reserved 1179648K
  class space    used 10532K, committed 11136K, reserved 1048576K
}
Event: 4020.887 GC heap after
{Heap after GC invocations=3015 (full 97):
 PSYoungGen      total 22528K, used 8008K [0x00000000eab00000, 0x00000000ece00000, 0x0000000100000000)
  eden space 14336K, 0% used [0x00000000eab00000,0x00000000eab00000,0x00000000eb900000)
  from space 8192K, 97% used [0x00000000ec600000,0x00000000ecdd2088,0x00000000ece00000)
  to   space 9728K, 0% used [0x00000000ebb00000,0x00000000ebb00000,0x00000000ec480000)
 ParOldGen       total 302080K, used 225439K [0x00000000c0000000, 0x00000000d2700000, 0x00000000eab00000)
  object space 302080K, 74% used [0x00000000c0000000,0x00000000cdc27e58,0x00000000d2700000)
 Metaspace       used 104727K, committed 106112K, reserved 1179648K
  class space    used 10532K, committed 11136K, reserved 1048576K
}
Event: 4022.128 GC heap before
{Heap before GC invocations=3016 (full 97):
 PSYoungGen      total 22528K, used 22344K [0x00000000eab00000, 0x00000000ece00000, 0x0000000100000000)
  eden space 14336K, 100% used [0x00000000eab00000,0x00000000eb900000,0x00000000eb900000)
  from space 8192K, 97% used [0x00000000ec600000,0x00000000ecdd2088,0x00000000ece00000)
  to   space 9728K, 0% used [0x00000000ebb00000,0x00000000ebb00000,0x00000000ec480000)
 ParOldGen       total 302080K, used 236959K [0x00000000c0000000, 0x00000000d2700000, 0x00000000eab00000)
  object space 302080K, 78% used [0x00000000c0000000,0x00000000ce767e68,0x00000000d2700000)
 Metaspace       used 104736K, committed 106112K, reserved 1179648K
  class space    used 10532K, committed 11136K, reserved 1048576K
}
Event: 4022.203 GC heap after
{Heap after GC invocations=3016 (full 97):
 PSYoungGen      total 19968K, used 5216K [0x00000000eab00000, 0x00000000ec680000, 0x0000000100000000)
  eden space 14336K, 0% used [0x00000000eab00000,0x00000000eab00000,0x00000000eb900000)
  from space 5632K, 92% used [0x00000000ebb00000,0x00000000ec018300,0x00000000ec080000)
  to   space 6144K, 0% used [0x00000000ec080000,0x00000000ec080000,0x00000000ec680000)
 ParOldGen       total 302080K, used 245063K [0x00000000c0000000, 0x00000000d2700000, 0x00000000eab00000)
  object space 302080K, 81% used [0x00000000c0000000,0x00000000cef51e78,0x00000000d2700000)
 Metaspace       used 104736K, committed 106112K, reserved 1179648K
  class space    used 10532K, committed 11136K, reserved 1048576K
}
Event: 4022.221 GC heap before
{Heap before GC invocations=3017 (full 97):
 PSYoungGen      total 19968K, used 19552K [0x00000000eab00000, 0x00000000ec680000, 0x0000000100000000)
  eden space 14336K, 100% used [0x00000000eab00000,0x00000000eb900000,0x00000000eb900000)
  from space 5632K, 92% used [0x00000000ebb00000,0x00000000ec018300,0x00000000ec080000)
  to   space 6144K, 0% used [0x00000000ec080000,0x00000000ec080000,0x00000000ec680000)
 ParOldGen       total 302080K, used 245063K [0x00000000c0000000, 0x00000000d2700000, 0x00000000eab00000)
  object space 302080K, 81% used [0x00000000c0000000,0x00000000cef51e78,0x00000000d2700000)
 Metaspace       used 104736K, committed 106112K, reserved 1179648K
  class space    used 10532K, committed 11136K, reserved 1048576K
}
Event: 4022.292 GC heap after
{Heap after GC invocations=3017 (full 97):
 PSYoungGen      total 22016K, used 5600K [0x00000000eab00000, 0x00000000ec780000, 0x0000000100000000)
  eden space 15872K, 0% used [0x00000000eab00000,0x00000000eab00000,0x00000000eba80000)
  from space 6144K, 91% used [0x00000000ec080000,0x00000000ec5f82e0,0x00000000ec680000)
  to   space 6144K, 0% used [0x00000000eba80000,0x00000000eba80000,0x00000000ec080000)
 ParOldGen       total 302080K, used 256583K [0x00000000c0000000, 0x00000000d2700000, 0x00000000eab00000)
  object space 302080K, 84% used [0x00000000c0000000,0x00000000cfa91e88,0x00000000d2700000)
 Metaspace       used 104736K, committed 106112K, reserved 1179648K
  class space    used 10532K, committed 11136K, reserved 1048576K
}
Event: 4022.569 GC heap before
{Heap before GC invocations=3018 (full 97):
 PSYoungGen      total 22016K, used 21472K [0x00000000eab00000, 0x00000000ec780000, 0x0000000100000000)
  eden space 15872K, 100% used [0x00000000eab00000,0x00000000eba80000,0x00000000eba80000)
  from space 6144K, 91% used [0x00000000ec080000,0x00000000ec5f82e0,0x00000000ec680000)
  to   space 6144K, 0% used [0x00000000eba80000,0x00000000eba80000,0x00000000ec080000)
 ParOldGen       total 302080K, used 256583K [0x00000000c0000000, 0x00000000d2700000, 0x00000000eab00000)
  object space 302080K, 84% used [0x00000000c0000000,0x00000000cfa91e88,0x00000000d2700000)
 Metaspace       used 104742K, committed 106112K, reserved 1179648K
  class space    used 10532K, committed 11136K, reserved 1048576K
}
Event: 4022.583 GC heap after
{Heap after GC invocations=3018 (full 97):
 PSYoungGen      total 22016K, used 6008K [0x00000000eab00000, 0x00000000ec980000, 0x0000000100000000)
  eden space 15872K, 0% used [0x00000000eab00000,0x00000000eab00000,0x00000000eba80000)
  from space 6144K, 97% used [0x00000000eba80000,0x00000000ec05e240,0x00000000ec080000)
  to   space 6144K, 0% used [0x00000000ec380000,0x00000000ec380000,0x00000000ec980000)
 ParOldGen       total 302080K, used 261347K [0x00000000c0000000, 0x00000000d2700000, 0x00000000eab00000)
  object space 302080K, 86% used [0x00000000c0000000,0x00000000cff38f48,0x00000000d2700000)
 Metaspace       used 104742K, committed 106112K, reserved 1179648K
  class space    used 10532K, committed 11136K, reserved 1048576K
}
Event: 4022.803 GC heap before
{Heap before GC invocations=3019 (full 97):
 PSYoungGen      total 22016K, used 21880K [0x00000000eab00000, 0x00000000ec980000, 0x0000000100000000)
  eden space 15872K, 100% used [0x00000000eab00000,0x00000000eba80000,0x00000000eba80000)
  from space 6144K, 97% used [0x00000000eba80000,0x00000000ec05e240,0x00000000ec080000)
  to   space 6144K, 0% used [0x00000000ec380000,0x00000000ec380000,0x00000000ec980000)
 ParOldGen       total 302080K, used 261347K [0x00000000c0000000, 0x00000000d2700000, 0x00000000eab00000)
  object space 302080K, 86% used [0x00000000c0000000,0x00000000cff38f48,0x00000000d2700000)
 Metaspace       used 104742K, committed 106112K, reserved 1179648K
  class space    used 10532K, committed 11136K, reserved 1048576K
}
Event: 4022.810 GC heap after
{Heap after GC invocations=3019 (full 97):
 PSYoungGen      total 19968K, used 1210K [0x00000000eab00000, 0x00000000ec500000, 0x0000000100000000)
  eden space 18432K, 0% used [0x00000000eab00000,0x00000000eab00000,0x00000000ebd00000)
  from space 1536K, 78% used [0x00000000ec380000,0x00000000ec4ae920,0x00000000ec500000)
  to   space 3072K, 0% used [0x00000000ebf00000,0x00000000ebf00000,0x00000000ec200000)
 ParOldGen       total 302080K, used 261459K [0x00000000c0000000, 0x00000000d2700000, 0x00000000eab00000)
  object space 302080K, 86% used [0x00000000c0000000,0x00000000cff54f68,0x00000000d2700000)
 Metaspace       used 104742K, committed 106112K, reserved 1179648K
  class space    used 10532K, committed 11136K, reserved 1048576K
}
Event: 4023.617 GC heap before
{Heap before GC invocations=3020 (full 97):
 PSYoungGen      total 19968K, used 19642K [0x00000000eab00000, 0x00000000ec500000, 0x0000000100000000)
  eden space 18432K, 100% used [0x00000000eab00000,0x00000000ebd00000,0x00000000ebd00000)
  from space 1536K, 78% used [0x00000000ec380000,0x00000000ec4ae920,0x00000000ec500000)
  to   space 3072K, 0% used [0x00000000ebf00000,0x00000000ebf00000,0x00000000ec200000)
 ParOldGen       total 302080K, used 261459K [0x00000000c0000000, 0x00000000d2700000, 0x00000000eab00000)
  object space 302080K, 86% used [0x00000000c0000000,0x00000000cff54f68,0x00000000d2700000)
 Metaspace       used 104745K, committed 106112K, reserved 1179648K
  class space    used 10532K, committed 11136K, reserved 1048576K
}
Event: 4023.623 GC heap after
{Heap after GC invocations=3020 (full 97):
 PSYoungGen      total 20992K, used 2330K [0x00000000eab00000, 0x00000000ec400000, 0x0000000100000000)
  eden space 18432K, 0% used [0x00000000eab00000,0x00000000eab00000,0x00000000ebd00000)
  from space 2560K, 91% used [0x00000000ebf00000,0x00000000ec146900,0x00000000ec180000)
  to   space 2560K, 0% used [0x00000000ec180000,0x00000000ec180000,0x00000000ec400000)
 ParOldGen       total 302080K, used 262080K [0x00000000c0000000, 0x00000000d2700000, 0x00000000eab00000)
  object space 302080K, 86% used [0x00000000c0000000,0x00000000cfff0188,0x00000000d2700000)
 Metaspace       used 104745K, committed 106112K, reserved 1179648K
  class space    used 10532K, committed 11136K, reserved 1048576K
}
Event: 4023.897 GC heap before
{Heap before GC invocations=3021 (full 97):
 PSYoungGen      total 20992K, used 20762K [0x00000000eab00000, 0x00000000ec400000, 0x0000000100000000)
  eden space 18432K, 100% used [0x00000000eab00000,0x00000000ebd00000,0x00000000ebd00000)
  from space 2560K, 91% used [0x00000000ebf00000,0x00000000ec146900,0x00000000ec180000)
  to   space 2560K, 0% used [0x00000000ec180000,0x00000000ec180000,0x00000000ec400000)
 ParOldGen       total 302080K, used 262080K [0x00000000c0000000, 0x00000000d2700000, 0x00000000eab00000)
  object space 302080K, 86% used [0x00000000c0000000,0x00000000cfff0188,0x00000000d2700000)
 Metaspace       used 104751K, committed 106176K, reserved 1179648K
  class space    used 10532K, committed 11136K, reserved 1048576K
}
Event: 4023.910 GC heap after
{Heap after GC invocations=3021 (full 97):
 PSYoungGen      total 20992K, used 2541K [0x00000000eab00000, 0x00000000ec400000, 0x0000000100000000)
  eden space 18432K, 0% used [0x00000000eab00000,0x00000000eab00000,0x00000000ebd00000)
  from space 2560K, 99% used [0x00000000ec180000,0x00000000ec3fb510,0x00000000ec400000)
  to   space 2560K, 0% used [0x00000000ebf00000,0x00000000ebf00000,0x00000000ec180000)
 ParOldGen       total 302080K, used 269672K [0x00000000c0000000, 0x00000000d2700000, 0x00000000eab00000)
  object space 302080K, 89% used [0x00000000c0000000,0x00000000d075a298,0x00000000d2700000)
 Metaspace       used 104751K, committed 106176K, reserved 1179648K
  class space    used 10532K, committed 11136K, reserved 1048576K
}
Event: 4024.132 GC heap before
{Heap before GC invocations=3022 (full 97):
 PSYoungGen      total 20992K, used 20973K [0x00000000eab00000, 0x00000000ec400000, 0x0000000100000000)
  eden space 18432K, 99% used [0x00000000eab00000,0x00000000ebcfffe0,0x00000000ebd00000)
  from space 2560K, 99% used [0x00000000ec180000,0x00000000ec3fb510,0x00000000ec400000)
  to   space 2560K, 0% used [0x00000000ebf00000,0x00000000ebf00000,0x00000000ec180000)
 ParOldGen       total 302080K, used 269672K [0x00000000c0000000, 0x00000000d2700000, 0x00000000eab00000)
  object space 302080K, 89% used [0x00000000c0000000,0x00000000d075a298,0x00000000d2700000)
 Metaspace       used 104754K, committed 106240K, reserved 1179648K
  class space    used 10532K, committed 11136K, reserved 1048576K
}
Event: 4024.159 GC heap after
{Heap after GC invocations=3022 (full 97):
 PSYoungGen      total 20992K, used 2554K [0x00000000eab00000, 0x00000000ec400000, 0x0000000100000000)
  eden space 18432K, 0% used [0x00000000eab00000,0x00000000eab00000,0x00000000ebd00000)
  from space 2560K, 99% used [0x00000000ebf00000,0x00000000ec17e920,0x00000000ec180000)
  to   space 2560K, 0% used [0x00000000ec180000,0x00000000ec180000,0x00000000ec400000)
 ParOldGen       total 302080K, used 279069K [0x00000000c0000000, 0x00000000d2700000, 0x00000000eab00000)
  object space 302080K, 92% used [0x00000000c0000000,0x00000000d10874f0,0x00000000d2700000)
 Metaspace       used 104754K, committed 106240K, reserved 1179648K
  class space    used 10532K, committed 11136K, reserved 1048576K
}
Event: 4024.550 GC heap before
{Heap before GC invocations=3023 (full 97):
 PSYoungGen      total 20992K, used 20986K [0x00000000eab00000, 0x00000000ec400000, 0x0000000100000000)
  eden space 18432K, 100% used [0x00000000eab00000,0x00000000ebd00000,0x00000000ebd00000)
  from space 2560K, 99% used [0x00000000ebf00000,0x00000000ec17e920,0x00000000ec180000)
  to   space 2560K, 0% used [0x00000000ec180000,0x00000000ec180000,0x00000000ec400000)
 ParOldGen       total 302080K, used 279069K [0x00000000c0000000, 0x00000000d2700000, 0x00000000eab00000)
  object space 302080K, 92% used [0x00000000c0000000,0x00000000d10874f0,0x00000000d2700000)
 Metaspace       used 104766K, committed 106240K, reserved 1179648K
  class space    used 10532K, committed 11136K, reserved 1048576K
}
Event: 4024.649 GC heap after
{Heap after GC invocations=3023 (full 97):
 PSYoungGen      total 13824K, used 2533K [0x00000000eab00000, 0x00000000ed400000, 0x0000000100000000)
  eden space 11264K, 0% used [0x00000000eab00000,0x00000000eab00000,0x00000000eb600000)
  from space 2560K, 98% used [0x00000000ec180000,0x00000000ec3f9648,0x00000000ec400000)
  to   space 11776K, 0% used [0x00000000eb600000,0x00000000eb600000,0x00000000ec180000)
 ParOldGen       total 302080K, used 287699K [0x00000000c0000000, 0x00000000d2700000, 0x00000000eab00000)
  object space 302080K, 95% used [0x00000000c0000000,0x00000000d18f4c40,0x00000000d2700000)
 Metaspace       used 104766K, committed 106240K, reserved 1179648K
  class space    used 10532K, committed 11136K, reserved 1048576K
}

