# JRE version: OpenJDK Runtime Environment Temurin-17.0.11+9 (17.0.11+9) (build 17.0.11+9)
# Java VM: OpenJDK 64-Bit Server VM Temurin-17.0.11+9 (17.0.11+9, mixed mode, tiered, compressed oops, compressed class ptrs, parallel gc, windows-amd64)
GC Precious Log:
 CPUs: 4 total, 4 available
 Memory: 3993M
 Large Page Support: Disabled
 NUMA Support: Disabled
 Compressed Oops: Enabled (32-bit)
 Alignments: Space 512K, Generation 512K, Heap 2M
 Heap Min Capacity: 100M
 Heap Initial Capacity: 100M
 Heap Max Capacity: 1G
 Pre-touch: Disabled
 Parallel Workers: 4
Heap:
 PSYoungGen      total 3072K, used 1892K [0x00000000eab00000, 0x00000000eb000000, 0x0000000100000000)
  eden space 2560K, 62% used [0x00000000eab00000,0x00000000eac913a0,0x00000000ead80000)
  from space 512K, 56% used [0x00000000eaf80000,0x00000000eafc8000,0x00000000eb000000)
  to   space 1024K, 0% used [0x00000000eae00000,0x00000000eae00000,0x00000000eaf00000)
 ParOldGen       total 122880K, used 115382K [0x00000000c0000000, 0x00000000c7800000, 0x00000000eab00000)
  object space 122880K, 93% used [0x00000000c0000000,0x00000000c70adbb8,0x00000000c7800000)
 Metaspace       used 79568K, committed 80896K, reserved 1179648K
  class space    used 8242K, committed 8832K, reserved 1048576K
GC Heap History (20 events):
Event: 150.253 GC heap before
{Heap before GC invocations=218 (full 8):
 PSYoungGen      total 4096K, used 4053K [0x00000000eab00000, 0x00000000eb180000, 0x0000000100000000)
  eden space 2048K, 100% used [0x00000000eab00000,0x00000000ead00000,0x00000000ead00000)
  from space 2048K, 97% used [0x00000000eaf80000,0x00000000eb175400,0x00000000eb180000)
  to   space 2048K, 0% used [0x00000000ead80000,0x00000000ead80000,0x00000000eaf80000)
 ParOldGen       total 122880K, used 107025K [0x00000000c0000000, 0x00000000c7800000, 0x00000000eab00000)
  object space 122880K, 87% used [0x00000000c0000000,0x00000000c6884668,0x00000000c7800000)
 Metaspace       used 79314K, committed 80640K, reserved 1179648K
  class space    used 8225K, committed 8832K, reserved 1048576K
}
Event: 150.257 GC heap after
{Heap after GC invocations=218 (full 8):
 PSYoungGen      total 4096K, used 2048K [0x00000000eab00000, 0x00000000eb500000, 0x0000000100000000)
  eden space 2048K, 0% used [0x00000000eab00000,0x00000000eab00000,0x00000000ead00000)
  from space 2048K, 100% used [0x00000000ead80000,0x00000000eaf80000,0x00000000eaf80000)
  to   space 4096K, 0% used [0x00000000eb100000,0x00000000eb100000,0x00000000eb500000)
 ParOldGen       total 122880K, used 108385K [0x00000000c0000000, 0x00000000c7800000, 0x00000000eab00000)
  object space 122880K, 88% used [0x00000000c0000000,0x00000000c69d8668,0x00000000c7800000)
 Metaspace       used 79314K, committed 80640K, reserved 1179648K
  class space    used 8225K, committed 8832K, reserved 1048576K
}
Event: 153.998 GC heap before
{Heap before GC invocations=219 (full 8):
 PSYoungGen      total 4096K, used 4095K [0x00000000eab00000, 0x00000000eb500000, 0x0000000100000000)
  eden space 2048K, 99% used [0x00000000eab00000,0x00000000eacffd98,0x00000000ead00000)
  from space 2048K, 100% used [0x00000000ead80000,0x00000000eaf80000,0x00000000eaf80000)
  to   space 4096K, 0% used [0x00000000eb100000,0x00000000eb100000,0x00000000eb500000)
 ParOldGen       total 122880K, used 108385K [0x00000000c0000000, 0x00000000c7800000, 0x00000000eab00000)
  object space 122880K, 88% used [0x00000000c0000000,0x00000000c69d8668,0x00000000c7800000)
 Metaspace       used 79354K, committed 80640K, reserved 1179648K
  class space    used 8231K, committed 8832K, reserved 1048576K
}
Event: 154.008 GC heap after
{Heap after GC invocations=219 (full 8):
 PSYoungGen      total 2560K, used 500K [0x00000000eab00000, 0x00000000eb180000, 0x0000000100000000)
  eden space 2048K, 0% used [0x00000000eab00000,0x00000000eab00000,0x00000000ead00000)
  from space 512K, 97% used [0x00000000eb100000,0x00000000eb17d200,0x00000000eb180000)
  to   space 2048K, 0% used [0x00000000ead80000,0x00000000ead80000,0x00000000eaf80000)
 ParOldGen       total 122880K, used 110465K [0x00000000c0000000, 0x00000000c7800000, 0x00000000eab00000)
  object space 122880K, 89% used [0x00000000c0000000,0x00000000c6be0668,0x00000000c7800000)
 Metaspace       used 79354K, committed 80640K, reserved 1179648K
  class space    used 8231K, committed 8832K, reserved 1048576K
}
Event: 154.060 GC heap before
{Heap before GC invocations=220 (full 8):
 PSYoungGen      total 2560K, used 2548K [0x00000000eab00000, 0x00000000eb180000, 0x0000000100000000)
  eden space 2048K, 100% used [0x00000000eab00000,0x00000000ead00000,0x00000000ead00000)
  from space 512K, 97% used [0x00000000eb100000,0x00000000eb17d200,0x00000000eb180000)
  to   space 2048K, 0% used [0x00000000ead80000,0x00000000ead80000,0x00000000eaf80000)
 ParOldGen       total 122880K, used 110465K [0x00000000c0000000, 0x00000000c7800000, 0x00000000eab00000)
  object space 122880K, 89% used [0x00000000c0000000,0x00000000c6be0668,0x00000000c7800000)
 Metaspace       used 79361K, committed 80640K, reserved 1179648K
  class space    used 8232K, committed 8832K, reserved 1048576K
}
Event: 154.063 GC heap after
{Heap after GC invocations=220 (full 8):
 PSYoungGen      total 4096K, used 384K [0x00000000eab00000, 0x00000000eb180000, 0x0000000100000000)
  eden space 2048K, 0% used [0x00000000eab00000,0x00000000eab00000,0x00000000ead00000)
  from space 2048K, 18% used [0x00000000ead80000,0x00000000eade0000,0x00000000eaf80000)
  to   space 1024K, 0% used [0x00000000eb080000,0x00000000eb080000,0x00000000eb180000)
 ParOldGen       total 122880K, used 110894K [0x00000000c0000000, 0x00000000c7800000, 0x00000000eab00000)
  object space 122880K, 90% used [0x00000000c0000000,0x00000000c6c4b868,0x00000000c7800000)
 Metaspace       used 79361K, committed 80640K, reserved 1179648K
  class space    used 8232K, committed 8832K, reserved 1048576K
}
Event: 154.116 GC heap before
{Heap before GC invocations=221 (full 8):
 PSYoungGen      total 4096K, used 2432K [0x00000000eab00000, 0x00000000eb180000, 0x0000000100000000)
  eden space 2048K, 100% used [0x00000000eab00000,0x00000000ead00000,0x00000000ead00000)
  from space 2048K, 18% used [0x00000000ead80000,0x00000000eade0000,0x00000000eaf80000)
  to   space 1024K, 0% used [0x00000000eb080000,0x00000000eb080000,0x00000000eb180000)
 ParOldGen       total 122880K, used 110897K [0x00000000c0000000, 0x00000000c7800000, 0x00000000eab00000)
  object space 122880K, 90% used [0x00000000c0000000,0x00000000c6c4c478,0x00000000c7800000)
 Metaspace       used 79370K, committed 80704K, reserved 1179648K
  class space    used 8232K, committed 8832K, reserved 1048576K
}
Event: 154.125 GC heap after
{Heap after GC invocations=221 (full 8):
 PSYoungGen      total 2560K, used 192K [0x00000000eab00000, 0x00000000eb100000, 0x0000000100000000)
  eden space 2048K, 0% used [0x00000000eab00000,0x00000000eab00000,0x00000000ead00000)
  from space 512K, 37% used [0x00000000eb080000,0x00000000eb0b0000,0x00000000eb100000)
  to   space 512K, 0% used [0x00000000eb000000,0x00000000eb000000,0x00000000eb080000)
 ParOldGen       total 122880K, used 111249K [0x00000000c0000000, 0x00000000c7800000, 0x00000000eab00000)
  object space 122880K, 90% used [0x00000000c0000000,0x00000000c6ca4478,0x00000000c7800000)
 Metaspace       used 79370K, committed 80704K, reserved 1179648K
  class space    used 8232K, committed 8832K, reserved 1048576K
}
Event: 154.417 GC heap before
{Heap before GC invocations=222 (full 8):
 PSYoungGen      total 2560K, used 2240K [0x00000000eab00000, 0x00000000eb100000, 0x0000000100000000)
  eden space 2048K, 100% used [0x00000000eab00000,0x00000000ead00000,0x00000000ead00000)
  from space 512K, 37% used [0x00000000eb080000,0x00000000eb0b0000,0x00000000eb100000)
  to   space 512K, 0% used [0x00000000eb000000,0x00000000eb000000,0x00000000eb080000)
 ParOldGen       total 122880K, used 111249K [0x00000000c0000000, 0x00000000c7800000, 0x00000000eab00000)
  object space 122880K, 90% used [0x00000000c0000000,0x00000000c6ca4478,0x00000000c7800000)
 Metaspace       used 79534K, committed 80832K, reserved 1179648K
  class space    used 8240K, committed 8832K, reserved 1048576K
}
Event: 154.420 GC heap after
{Heap after GC invocations=222 (full 8):
 PSYoungGen      total 2560K, used 508K [0x00000000eab00000, 0x00000000eb100000, 0x0000000100000000)
  eden space 2048K, 0% used [0x00000000eab00000,0x00000000eab00000,0x00000000ead00000)
  from space 512K, 99% used [0x00000000eb000000,0x00000000eb07f300,0x00000000eb080000)
  to   space 512K, 0% used [0x00000000eb080000,0x00000000eb080000,0x00000000eb100000)
 ParOldGen       total 122880K, used 111361K [0x00000000c0000000, 0x00000000c7800000, 0x00000000eab00000)
  object space 122880K, 90% used [0x00000000c0000000,0x00000000c6cc0478,0x00000000c7800000)
 Metaspace       used 79534K, committed 80832K, reserved 1179648K
  class space    used 8240K, committed 8832K, reserved 1048576K
}
Event: 155.280 GC heap before
{Heap before GC invocations=223 (full 8):
 PSYoungGen      total 2560K, used 2556K [0x00000000eab00000, 0x00000000eb100000, 0x0000000100000000)
  eden space 2048K, 100% used [0x00000000eab00000,0x00000000ead00000,0x00000000ead00000)
  from space 512K, 99% used [0x00000000eb000000,0x00000000eb07f300,0x00000000eb080000)
  to   space 512K, 0% used [0x00000000eb080000,0x00000000eb080000,0x00000000eb100000)
 ParOldGen       total 122880K, used 111361K [0x00000000c0000000, 0x00000000c7800000, 0x00000000eab00000)
  object space 122880K, 90% used [0x00000000c0000000,0x00000000c6cc0478,0x00000000c7800000)
 Metaspace       used 79537K, committed 80832K, reserved 1179648K
  class space    used 8240K, committed 8832K, reserved 1048576K
}
Event: 156.118 GC heap after
{Heap after GC invocations=223 (full 8):
 PSYoungGen      total 3072K, used 512K [0x00000000eab00000, 0x00000000eb280000, 0x0000000100000000)
  eden space 2560K, 0% used [0x00000000eab00000,0x00000000eab00000,0x00000000ead80000)
  from space 512K, 100% used [0x00000000eb080000,0x00000000eb100000,0x00000000eb100000)
  to   space 2560K, 0% used [0x00000000ead80000,0x00000000ead80000,0x00000000eb000000)
 ParOldGen       total 122880K, used 113037K [0x00000000c0000000, 0x00000000c7800000, 0x00000000eab00000)
  object space 122880K, 91% used [0x00000000c0000000,0x00000000c6e63778,0x00000000c7800000)
 Metaspace       used 79537K, committed 80832K, reserved 1179648K
  class space    used 8240K, committed 8832K, reserved 1048576K
}
Event: 157.918 GC heap before
{Heap before GC invocations=224 (full 8):
 PSYoungGen      total 3072K, used 3072K [0x00000000eab00000, 0x00000000eb280000, 0x0000000100000000)
  eden space 2560K, 100% used [0x00000000eab00000,0x00000000ead80000,0x00000000ead80000)
  from space 512K, 100% used [0x00000000eb080000,0x00000000eb100000,0x00000000eb100000)
  to   space 2560K, 0% used [0x00000000ead80000,0x00000000ead80000,0x00000000eb000000)
 ParOldGen       total 122880K, used 113037K [0x00000000c0000000, 0x00000000c7800000, 0x00000000eab00000)
  object space 122880K, 91% used [0x00000000c0000000,0x00000000c6e63778,0x00000000c7800000)
 Metaspace       used 79544K, committed 80832K, reserved 1179648K
  class space    used 8240K, committed 8832K, reserved 1048576K
}
Event: 157.925 GC heap after
{Heap after GC invocations=224 (full 8):
 PSYoungGen      total 3584K, used 564K [0x00000000eab00000, 0x00000000eb100000, 0x0000000100000000)
  eden space 2560K, 0% used [0x00000000eab00000,0x00000000eab00000,0x00000000ead80000)
  from space 1024K, 55% used [0x00000000ead80000,0x00000000eae0d200,0x00000000eae80000)
  to   space 1536K, 0% used [0x00000000eaf80000,0x00000000eaf80000,0x00000000eb100000)
 ParOldGen       total 122880K, used 113541K [0x00000000c0000000, 0x00000000c7800000, 0x00000000eab00000)
  object space 122880K, 92% used [0x00000000c0000000,0x00000000c6ee1778,0x00000000c7800000)
 Metaspace       used 79544K, committed 80832K, reserved 1179648K
  class space    used 8240K, committed 8832K, reserved 1048576K
}
Event: 158.014 GC heap before
{Heap before GC invocations=225 (full 8):
 PSYoungGen      total 3584K, used 3124K [0x00000000eab00000, 0x00000000eb100000, 0x0000000100000000)
  eden space 2560K, 100% used [0x00000000eab00000,0x00000000ead80000,0x00000000ead80000)
  from space 1024K, 55% used [0x00000000ead80000,0x00000000eae0d200,0x00000000eae80000)
  to   space 1536K, 0% used [0x00000000eaf80000,0x00000000eaf80000,0x00000000eb100000)
 ParOldGen       total 122880K, used 113541K [0x00000000c0000000, 0x00000000c7800000, 0x00000000eab00000)
  object space 122880K, 92% used [0x00000000c0000000,0x00000000c6ee1778,0x00000000c7800000)
 Metaspace       used 79544K, committed 80832K, reserved 1179648K
  class space    used 8240K, committed 8832K, reserved 1048576K
}
Event: 158.015 GC heap after
{Heap after GC invocations=225 (full 8):
 PSYoungGen      total 3072K, used 320K [0x00000000eab00000, 0x00000000eb000000, 0x0000000100000000)
  eden space 2560K, 0% used [0x00000000eab00000,0x00000000eab00000,0x00000000ead80000)
  from space 512K, 62% used [0x00000000eaf80000,0x00000000eafd0000,0x00000000eb000000)
  to   space 512K, 0% used [0x00000000eaf00000,0x00000000eaf00000,0x00000000eaf80000)
 ParOldGen       total 122880K, used 114034K [0x00000000c0000000, 0x00000000c7800000, 0x00000000eab00000)
  object space 122880K, 92% used [0x00000000c0000000,0x00000000c6f5c998,0x00000000c7800000)
 Metaspace       used 79544K, committed 80832K, reserved 1179648K
  class space    used 8240K, committed 8832K, reserved 1048576K
}
Event: 158.296 GC heap before
{Heap before GC invocations=226 (full 8):
 PSYoungGen      total 3072K, used 2880K [0x00000000eab00000, 0x00000000eb000000, 0x0000000100000000)
  eden space 2560K, 100% used [0x00000000eab00000,0x00000000ead80000,0x00000000ead80000)
  from space 512K, 62% used [0x00000000eaf80000,0x00000000eafd0000,0x00000000eb000000)
  to   space 512K, 0% used [0x00000000eaf00000,0x00000000eaf00000,0x00000000eaf80000)
 ParOldGen       total 122880K, used 114034K [0x00000000c0000000, 0x00000000c7800000, 0x00000000eab00000)
  object space 122880K, 92% used [0x00000000c0000000,0x00000000c6f5c998,0x00000000c7800000)
 Metaspace       used 79548K, committed 80896K, reserved 1179648K
  class space    used 8240K, committed 8832K, reserved 1048576K
}
Event: 158.311 GC heap after
{Heap after GC invocations=226 (full 8):
 PSYoungGen      total 3072K, used 506K [0x00000000eab00000, 0x00000000eb080000, 0x0000000100000000)
  eden space 2560K, 0% used [0x00000000eab00000,0x00000000eab00000,0x00000000ead80000)
  from space 512K, 98% used [0x00000000eaf00000,0x00000000eaf7e900,0x00000000eaf80000)
  to   space 1024K, 0% used [0x00000000eaf80000,0x00000000eaf80000,0x00000000eb080000)
 ParOldGen       total 122880K, used 114868K [0x00000000c0000000, 0x00000000c7800000, 0x00000000eab00000)
  object space 122880K, 93% used [0x00000000c0000000,0x00000000c702d298,0x00000000c7800000)
 Metaspace       used 79548K, committed 80896K, reserved 1179648K
  class space    used 8240K, committed 8832K, reserved 1048576K
}
Event: 158.370 GC heap before
{Heap before GC invocations=227 (full 8):
 PSYoungGen      total 3072K, used 3066K [0x00000000eab00000, 0x00000000eb080000, 0x0000000100000000)
  eden space 2560K, 100% used [0x00000000eab00000,0x00000000ead80000,0x00000000ead80000)
  from space 512K, 98% used [0x00000000eaf00000,0x00000000eaf7e900,0x00000000eaf80000)
  to   space 1024K, 0% used [0x00000000eaf80000,0x00000000eaf80000,0x00000000eb080000)
 ParOldGen       total 122880K, used 114868K [0x00000000c0000000, 0x00000000c7800000, 0x00000000eab00000)
  object space 122880K, 93% used [0x00000000c0000000,0x00000000c702d298,0x00000000c7800000)
 Metaspace       used 79550K, committed 80896K, reserved 1179648K
  class space    used 8240K, committed 8832K, reserved 1048576K
}
Event: 158.374 GC heap after
{Heap after GC invocations=227 (full 8):
 PSYoungGen      total 3072K, used 288K [0x00000000eab00000, 0x00000000eb000000, 0x0000000100000000)
  eden space 2560K, 0% used [0x00000000eab00000,0x00000000eab00000,0x00000000ead80000)
  from space 512K, 56% used [0x00000000eaf80000,0x00000000eafc8000,0x00000000eb000000)
  to   space 1024K, 0% used [0x00000000eae00000,0x00000000eae00000,0x00000000eaf00000)
 ParOldGen       total 122880K, used 115382K [0x00000000c0000000, 0x00000000c7800000, 0x00000000eab00000)
  object space 122880K, 93% used [0x00000000c0000000,0x00000000c70adbb8,0x00000000c7800000)
 Metaspace       used 79550K, committed 80896K, reserved 1179648K
  class space    used 8240K, committed 8832K, reserved 1048576K
}

