# JRE version: OpenJDK Runtime Environment Temurin-17.0.11+9 (17.0.11+9) (build 17.0.11+9)
# Java VM: OpenJDK 64-Bit Server VM Temurin-17.0.11+9 (17.0.11+9, mixed mode, tiered, compressed oops, compressed class ptrs, g1 gc, windows-amd64)
GC Precious Log:
 CPUs: 4 total, 4 available
 Memory: 3993M
 Large Page Support: Disabled
 NUMA Support: Disabled
 Compressed Oops: Enabled (32-bit)
 Heap Region Size: 1M
 Heap Min Capacity: 8M
 Heap Initial Capacity: 64M
 Heap Max Capacity: 1000M
 Pre-touch: Disabled
 Parallel Workers: 4
 Concurrent Workers: 1
 Concurrent Refinement Workers: 4
 Periodic GC: Disabled
Heap:
 garbage-first heap   total 70656K, used 47110K [0x00000000c1800000, 0x0000000100000000)
  region size 1024K, 24 young (24576K), 0 survivors (0K)
 Metaspace       used 76381K, committed 77056K, reserved 1179648K
  class space    used 10055K, committed 10368K, reserved 1048576K
GC Heap History (20 events):
Event: 143.960 GC heap before
{Heap before GC invocations=36 (full 1):
 garbage-first heap   total 58368K, used 45261K [0x00000000c1800000, 0x0000000100000000)
  region size 1024K, 15 young (15360K), 1 survivors (1024K)
 Metaspace       used 75173K, committed 75712K, reserved 1179648K
  class space    used 9981K, committed 10240K, reserved 1048576K
}
Event: 143.963 GC heap after
{Heap after GC invocations=37 (full 1):
 garbage-first heap   total 58368K, used 31892K [0x00000000c1800000, 0x0000000100000000)
  region size 1024K, 2 young (2048K), 2 survivors (2048K)
 Metaspace       used 75173K, committed 75712K, reserved 1179648K
  class space    used 9981K, committed 10240K, reserved 1048576K
}
Event: 148.375 GC heap before
{Heap before GC invocations=37 (full 1):
 garbage-first heap   total 58368K, used 44180K [0x00000000c1800000, 0x0000000100000000)
  region size 1024K, 15 young (15360K), 2 survivors (2048K)
 Metaspace       used 75232K, committed 75776K, reserved 1179648K
  class space    used 9985K, committed 10240K, reserved 1048576K
}
Event: 148.384 GC heap after
{Heap after GC invocations=38 (full 1):
 garbage-first heap   total 58368K, used 33257K [0x00000000c1800000, 0x0000000100000000)
  region size 1024K, 2 young (2048K), 2 survivors (2048K)
 Metaspace       used 75232K, committed 75776K, reserved 1179648K
  class space    used 9985K, committed 10240K, reserved 1048576K
}
Event: 149.301 GC heap before
{Heap before GC invocations=38 (full 1):
 garbage-first heap   total 58368K, used 46569K [0x00000000c1800000, 0x0000000100000000)
  region size 1024K, 15 young (15360K), 2 survivors (2048K)
 Metaspace       used 75275K, committed 75840K, reserved 1179648K
  class space    used 9990K, committed 10240K, reserved 1048576K
}
Event: 149.306 GC heap after
{Heap after GC invocations=39 (full 1):
 garbage-first heap   total 58368K, used 34001K [0x00000000c1800000, 0x0000000100000000)
  region size 1024K, 2 young (2048K), 2 survivors (2048K)
 Metaspace       used 75275K, committed 75840K, reserved 1179648K
  class space    used 9990K, committed 10240K, reserved 1048576K
}
Event: 150.675 GC heap before
{Heap before GC invocations=39 (full 1):
 garbage-first heap   total 58368K, used 46289K [0x00000000c1800000, 0x0000000100000000)
  region size 1024K, 14 young (14336K), 2 survivors (2048K)
 Metaspace       used 75328K, committed 75968K, reserved 1179648K
  class space    used 9994K, committed 10240K, reserved 1048576K
}
Event: 150.683 GC heap after
{Heap after GC invocations=40 (full 1):
 garbage-first heap   total 58368K, used 35068K [0x00000000c1800000, 0x0000000100000000)
  region size 1024K, 2 young (2048K), 2 survivors (2048K)
 Metaspace       used 75328K, committed 75968K, reserved 1179648K
  class space    used 9994K, committed 10240K, reserved 1048576K
}
Event: 152.369 GC heap before
{Heap before GC invocations=40 (full 1):
 garbage-first heap   total 58368K, used 45308K [0x00000000c1800000, 0x0000000100000000)
  region size 1024K, 13 young (13312K), 2 survivors (2048K)
 Metaspace       used 75486K, committed 76096K, reserved 1179648K
  class space    used 10000K, committed 10240K, reserved 1048576K
}
Event: 152.380 GC heap after
{Heap after GC invocations=41 (full 1):
 garbage-first heap   total 58368K, used 36069K [0x00000000c1800000, 0x0000000100000000)
  region size 1024K, 1 young (1024K), 1 survivors (1024K)
 Metaspace       used 75486K, committed 76096K, reserved 1179648K
  class space    used 10000K, committed 10240K, reserved 1048576K
}
Event: 169.864 GC heap before
{Heap before GC invocations=41 (full 1):
 garbage-first heap   total 58368K, used 45285K [0x00000000c1800000, 0x0000000100000000)
  region size 1024K, 11 young (11264K), 1 survivors (1024K)
 Metaspace       used 75672K, committed 76288K, reserved 1179648K
  class space    used 10009K, committed 10304K, reserved 1048576K
}
Event: 169.917 GC heap after
{Heap after GC invocations=42 (full 1):
 garbage-first heap   total 70656K, used 36272K [0x00000000c1800000, 0x0000000100000000)
  region size 1024K, 2 young (2048K), 2 survivors (2048K)
 Metaspace       used 75672K, committed 76288K, reserved 1179648K
  class space    used 10009K, committed 10304K, reserved 1048576K
}
Event: 171.831 GC heap before
{Heap before GC invocations=42 (full 1):
 garbage-first heap   total 70656K, used 55728K [0x00000000c1800000, 0x0000000100000000)
  region size 1024K, 21 young (21504K), 2 survivors (2048K)
 Metaspace       used 75720K, committed 76352K, reserved 1179648K
  class space    used 10015K, committed 10304K, reserved 1048576K
}
Event: 171.835 GC heap after
{Heap after GC invocations=43 (full 1):
 garbage-first heap   total 70656K, used 37495K [0x00000000c1800000, 0x0000000100000000)
  region size 1024K, 3 young (3072K), 3 survivors (3072K)
 Metaspace       used 75720K, committed 76352K, reserved 1179648K
  class space    used 10015K, committed 10304K, reserved 1048576K
}
Event: 174.939 GC heap before
{Heap before GC invocations=43 (full 1):
 garbage-first heap   total 70656K, used 55927K [0x00000000c1800000, 0x0000000100000000)
  region size 1024K, 22 young (22528K), 3 survivors (3072K)
 Metaspace       used 75822K, committed 76416K, reserved 1179648K
  class space    used 10017K, committed 10304K, reserved 1048576K
}
Event: 174.955 GC heap after
{Heap after GC invocations=44 (full 1):
 garbage-first heap   total 70656K, used 38930K [0x00000000c1800000, 0x0000000100000000)
  region size 1024K, 3 young (3072K), 3 survivors (3072K)
 Metaspace       used 75822K, committed 76416K, reserved 1179648K
  class space    used 10017K, committed 10304K, reserved 1048576K
}
Event: 177.537 GC heap before
{Heap before GC invocations=44 (full 1):
 garbage-first heap   total 70656K, used 57362K [0x00000000c1800000, 0x0000000100000000)
  region size 1024K, 21 young (21504K), 3 survivors (3072K)
 Metaspace       used 76225K, committed 76864K, reserved 1179648K
  class space    used 10047K, committed 10304K, reserved 1048576K
}
Event: 177.890 GC heap after
{Heap after GC invocations=45 (full 1):
 garbage-first heap   total 70656K, used 40427K [0x00000000c1800000, 0x0000000100000000)
  region size 1024K, 2 young (2048K), 2 survivors (2048K)
 Metaspace       used 76225K, committed 76864K, reserved 1179648K
  class space    used 10047K, committed 10304K, reserved 1048576K
}
Event: 265.599 GC heap before
{Heap before GC invocations=45 (full 1):
 garbage-first heap   total 70656K, used 54763K [0x00000000c1800000, 0x0000000100000000)
  region size 1024K, 17 young (17408K), 2 survivors (2048K)
 Metaspace       used 76292K, committed 76864K, reserved 1179648K
  class space    used 10049K, committed 10304K, reserved 1048576K
}
Event: 266.925 GC heap after
{Heap after GC invocations=46 (full 2):
 garbage-first heap   total 70656K, used 24582K [0x00000000c1800000, 0x0000000100000000)
  region size 1024K, 0 young (0K), 0 survivors (0K)
 Metaspace       used 76278K, committed 76864K, reserved 1179648K
  class space    used 10047K, committed 10304K, reserved 1048576K
}

